\BOOKMARK [0][-]{chapter.1}{\376\377\000S\000p\000e\000c\000i\000f\000i\000c\000h\000e\000\040\000I\000n\000f\000o\000r\000m\000a\000l\000i}{}% 1
\BOOKMARK [0][-]{chapter.2}{\376\377\000A\000n\000a\000l\000i\000s\000i\000\040\000e\000\040\000s\000p\000e\000c\000i\000f\000i\000c\000a\000\040\000d\000e\000i\000\040\000r\000e\000q\000u\000i\000s\000i\000t\000i}{}% 2
\BOOKMARK [1][-]{section.2.1}{\376\377\000A\000n\000a\000l\000i\000s\000i\000\040\000n\000o\000m\000i\000-\000v\000e\000r\000b\000i}{chapter.2}% 3
\BOOKMARK [1][-]{section.2.2}{\376\377\000R\000e\000v\000i\000s\000i\000o\000n\000e\000\040\000d\000e\000i\000\040\000R\000e\000q\000u\000i\000s\000i\000t\000i}{chapter.2}% 4
\BOOKMARK [1][-]{section.2.3}{\376\377\000G\000l\000o\000s\000s\000a\000r\000i\000o\000\040\000d\000e\000i\000\040\000t\000e\000r\000m\000i\000n\000i}{chapter.2}% 5
\BOOKMARK [1][-]{section.2.4}{\376\377\000C\000l\000a\000s\000s\000i\000f\000i\000c\000a\000z\000i\000o\000n\000e\000\040\000d\000e\000i\000\040\000R\000e\000q\000u\000i\000s\000i\000t\000i}{chapter.2}% 6
\BOOKMARK [2][-]{subsection.2.4.1}{\376\377\000R\000e\000q\000u\000i\000s\000i\000t\000i\000\040\000F\000u\000n\000z\000i\000o\000n\000a\000l\000i}{section.2.4}% 7
\BOOKMARK [2][-]{subsection.2.4.2}{\376\377\000R\000e\000q\000u\000i\000s\000i\000t\000i\000\040\000s\000u\000i\000\040\000D\000a\000t\000i}{section.2.4}% 8
\BOOKMARK [2][-]{subsection.2.4.3}{\376\377\000V\000i\000n\000c\000o\000l\000i\000/\000A\000l\000t\000r\000i\000\040\000R\000e\000q\000u\000i\000s\000i\000t\000i}{section.2.4}% 9
\BOOKMARK [0][-]{chapter.3}{\376\377\000M\000o\000d\000e\000l\000l\000a\000z\000i\000o\000n\000e\000\040\000d\000e\000i\000\040\000C\000a\000s\000i\000\040\000d\000'\000U\000s\000o}{}% 10
\BOOKMARK [1][-]{section.3.1}{\376\377\000A\000t\000t\000o\000r\000i\000\040\000e\000\040\000C\000a\000s\000i\000\040\000d\000'\000U\000s\000o}{chapter.3}% 11
\BOOKMARK [1][-]{section.3.2}{\376\377\000D\000i\000a\000g\000r\000a\000m\000m\000a\000\040\000d\000e\000i\000\040\000C\000a\000s\000i\000\040\000d\000'\000U\000s\000o}{chapter.3}% 12
\BOOKMARK [1][-]{section.3.3}{\376\377\000S\000c\000e\000n\000a\000r\000i}{chapter.3}% 13
\BOOKMARK [1][-]{section.3.4}{\376\377\000D\000i\000a\000g\000r\000a\000m\000m\000a\000\040\000d\000e\000l\000l\000e\000\040\000C\000l\000a\000s\000s\000i}{chapter.3}% 14
\BOOKMARK [1][-]{section.3.5}{\376\377\000D\000i\000a\000g\000r\000a\000m\000m\000i\000\040\000d\000i\000\040\000s\000e\000q\000u\000e\000n\000z\000a}{chapter.3}% 15
\BOOKMARK [2][-]{subsection.3.5.1}{\376\377\000R\000e\000g\000i\000s\000t\000r\000a\000z\000i\000o\000n\000e}{section.3.5}% 16
\BOOKMARK [2][-]{subsection.3.5.2}{\376\377\000A\000u\000t\000e\000n\000t\000i\000c\000a\000z\000i\000o\000n\000e}{section.3.5}% 17
\BOOKMARK [2][-]{subsection.3.5.3}{\376\377\000P\000u\000b\000b\000l\000i\000c\000a\000E\000v\000e\000n\000t\000o}{section.3.5}% 18
\BOOKMARK [2][-]{subsection.3.5.4}{\376\377\000C\000o\000n\000s\000u\000l\000t\000a\000E\000v\000e\000n\000t\000i\000P\000u\000b\000b\000l\000i\000c\000a\000t\000i}{section.3.5}% 19
\BOOKMARK [2][-]{subsection.3.5.5}{\376\377\000A\000c\000q\000u\000i\000s\000t\000o\000B\000i\000g\000l\000i\000e\000t\000t\000i}{section.3.5}% 20
\BOOKMARK [2][-]{subsection.3.5.6}{\376\377\000P\000a\000r\000t\000e\000c\000i\000p\000a\000z\000i\000o\000n\000e\000E\000v\000e\000n\000t\000o}{section.3.5}% 21
\BOOKMARK [1][-]{section.3.6}{\376\377\000D\000i\000a\000g\000r\000a\000m\000m\000a\000\040\000d\000e\000l\000l\000e\000\040\000c\000l\000a\000s\000s\000i\000\040\000r\000a\000f\000f\000i\000n\000a\000t\000o}{chapter.3}% 22
\BOOKMARK [0][-]{chapter.4}{\376\377\000P\000i\000a\000n\000o\000\040\000d\000i\000\040\000t\000e\000s\000t\000\040\000f\000u\000n\000z\000i\000o\000n\000a\000l\000e}{}% 23
\BOOKMARK [1][-]{section.4.1}{\376\377\000R\000e\000g\000i\000s\000t\000r\000a\000z\000i\000o\000n\000e}{chapter.4}% 24
\BOOKMARK [1][-]{section.4.2}{\376\377\000A\000u\000t\000e\000n\000t\000i\000c\000a\000z\000i\000o\000n\000e}{chapter.4}% 25
\BOOKMARK [1][-]{section.4.3}{\376\377\000P\000u\000b\000b\000l\000i\000c\000a\000E\000v\000e\000n\000t\000o}{chapter.4}% 26
\BOOKMARK [1][-]{section.4.4}{\376\377\000R\000i\000c\000e\000r\000c\000a\000E\000v\000e\000n\000t\000o}{chapter.4}% 27
\BOOKMARK [1][-]{section.4.5}{\376\377\000A\000c\000q\000u\000i\000s\000t\000a\000\040\000B\000i\000g\000l\000i\000e\000t\000t\000o}{chapter.4}% 28
\BOOKMARK [1][-]{section.4.6}{\376\377\000P\000a\000r\000t\000e\000c\000i\000p\000a\000E\000v\000e\000n\000t\000o}{chapter.4}% 29
\BOOKMARK [0][-]{chapter.5}{\376\377\000P\000r\000o\000g\000e\000t\000t\000a\000z\000i\000o\000n\000e}{}% 30
\BOOKMARK [1][-]{section.5.1}{\376\377\000D\000i\000a\000g\000r\000a\000m\000m\000a\000\040\000d\000e\000l\000l\000e\000\040\000c\000l\000a\000s\000s\000i\000\040}{chapter.5}% 31
\BOOKMARK [2][-]{subsection.5.1.1}{\376\377\000P\000a\000c\000k\000a\000g\000e\000\040\000E\000n\000t\000i\000t\000y}{section.5.1}% 32
\BOOKMARK [2][-]{subsection.5.1.2}{\376\377\000P\000a\000c\000k\000a\000g\000e\000\040\000B\000o\000u\000n\000d\000a\000r\000y}{section.5.1}% 33
\BOOKMARK [2][-]{subsection.5.1.3}{\376\377\000P\000a\000c\000k\000a\000g\000e\000\040\000C\000o\000n\000t\000r\000o\000l\000l\000e\000r}{section.5.1}% 34
\BOOKMARK [2][-]{subsection.5.1.4}{\376\377\000P\000a\000c\000k\000a\000g\000e\000\040\000D\000a\000t\000a\000b\000a\000s\000e}{section.5.1}% 35
\BOOKMARK [1][-]{section.5.2}{\376\377\000D\000i\000a\000g\000r\000a\000m\000m\000i\000\040\000d\000i\000\040\000s\000e\000q\000u\000e\000n\000z\000a}{chapter.5}% 36
\BOOKMARK [0][-]{chapter.6}{\376\377\000I\000m\000p\000l\000e\000m\000e\000n\000t\000a\000z\000i\000o\000n\000e}{}% 37
\BOOKMARK [1][-]{section.6.1}{\376\377\000P\000a\000c\000k\000a\000g\000e\000\040\000B\000o\000u\000n\000d\000a\000r\000y}{chapter.6}% 38
\BOOKMARK [1][-]{section.6.2}{\376\377\000P\000a\000c\000k\000a\000g\000e\000\040\000D\000a\000t\000a\000b\000a\000s\000e}{chapter.6}% 39
\BOOKMARK [1][-]{section.6.3}{\376\377\000P\000a\000c\000k\000a\000g\000e\000\040\000E\000n\000t\000i\000t\000y}{chapter.6}% 40
\BOOKMARK [1][-]{section.6.4}{\376\377\000P\000a\000c\000k\000a\000g\000e\000\040\000E\000x\000c\000e\000p\000t\000i\000o\000n}{chapter.6}% 41
\BOOKMARK [1][-]{section.6.5}{\376\377\000P\000a\000c\000k\000a\000g\000e\000\040\000D\000t\000o}{chapter.6}% 42
\BOOKMARK [1][-]{section.6.6}{\376\377\000D\000i\000p\000e\000n\000d\000e\000n\000z\000e\000\040\000p\000e\000r\000\040\000l\000'\000e\000s\000e\000c\000u\000z\000i\000o\000n\000e\000\040\000e\000d\000\040\000i\000l\000\040\000f\000u\000n\000z\000i\000o\000n\000a\000m\000e\000n\000t\000o\000\040\000d\000e\000l\000l\000'\000a\000p\000p\000l\000i\000c\000a\000z\000i\000o\000n\000e}{chapter.6}% 43
\BOOKMARK [1][-]{section.6.7}{\376\377\000D\000o\000c\000u\000m\000e\000n\000t\000a\000z\000i\000o\000n\000e\000\040\000J\000a\000v\000a\000d\000o\000c}{chapter.6}% 44
\BOOKMARK [1][-]{section.6.8}{\376\377\000D\000i\000a\000g\000r\000a\000m\000m\000a\000\040\000d\000i\000\040\000D\000e\000p\000l\000o\000y\000m\000e\000n\000t}{chapter.6}% 45
